[2023-12-28 10:42:19] local.ERROR: file_put_contents(C:\inetpub\wwwroot\icbf\bootstrap\cache/config.php): failed to open stream: Permission denied {"exception":"[object] (ErrorException(code: 0): file_put_contents(C:\\inetpub\\wwwroot\\icbf\\bootstrap\\cache/config.php): failed to open stream: Permission denied at C:\\inetpub\\wwwroot\\icbf\\vendor\\laravel\\framework\\src\\Illuminate\\Filesystem\\Filesystem.php:187)
[stacktrace]
#0 [internal function]: Illuminate\\Foundation\\Bootstrap\\HandleExceptions->handleError()
#1 C:\\inetpub\\wwwroot\\icbf\\vendor\\laravel\\framework\\src\\Illuminate\\Filesystem\\Filesystem.php(187): file_put_contents()
#2 C:\\inetpub\\wwwroot\\icbf\\vendor\\laravel\\framework\\src\\Illuminate\\Foundation\\Console\\ConfigCacheCommand.php(63): Illuminate\\Filesystem\\Filesystem->put()
#3 C:\\inetpub\\wwwroot\\icbf\\vendor\\laravel\\framework\\src\\Illuminate\\Container\\BoundMethod.php(36): Illuminate\\Foundation\\Console\\ConfigCacheCommand->handle()
#4 C:\\inetpub\\wwwroot\\icbf\\vendor\\laravel\\framework\\src\\Illuminate\\Container\\Util.php(40): Illuminate\\Container\\BoundMethod::Illuminate\\Container\\{closure}()
#5 C:\\inetpub\\wwwroot\\icbf\\vendor\\laravel\\framework\\src\\Illuminate\\Container\\BoundMethod.php(93): Illuminate\\Container\\Util::unwrapIfClosure()
#6 C:\\inetpub\\wwwroot\\icbf\\vendor\\laravel\\framework\\src\\Illuminate\\Container\\BoundMethod.php(37): Illuminate\\Container\\BoundMethod::callBoundMethod()
#7 C:\\inetpub\\wwwroot\\icbf\\vendor\\laravel\\framework\\src\\Illuminate\\Container\\Container.php(653): Illuminate\\Container\\BoundMethod::call()
#8 C:\\inetpub\\wwwroot\\icbf\\vendor\\laravel\\framework\\src\\Illuminate\\Console\\Command.php(136): Illuminate\\Container\\Container->call()
#9 C:\\inetpub\\wwwroot\\icbf\\vendor\\symfony\\console\\Command\\Command.php(298): Illuminate\\Console\\Command->execute()
#10 C:\\inetpub\\wwwroot\\icbf\\vendor\\laravel\\framework\\src\\Illuminate\\Console\\Command.php(121): Symfony\\Component\\Console\\Command\\Command->run()
#11 C:\\inetpub\\wwwroot\\icbf\\vendor\\symfony\\console\\Application.php(1028): Illuminate\\Console\\Command->run()
#12 C:\\inetpub\\wwwroot\\icbf\\vendor\\symfony\\console\\Application.php(299): Symfony\\Component\\Console\\Application->doRunCommand()
#13 C:\\inetpub\\wwwroot\\icbf\\vendor\\symfony\\console\\Application.php(171): Symfony\\Component\\Console\\Application->doRun()
#14 C:\\inetpub\\wwwroot\\icbf\\vendor\\laravel\\framework\\src\\Illuminate\\Console\\Application.php(94): Symfony\\Component\\Console\\Application->run()
#15 C:\\inetpub\\wwwroot\\icbf\\vendor\\laravel\\framework\\src\\Illuminate\\Foundation\\Console\\Kernel.php(129): Illuminate\\Console\\Application->run()
#16 C:\\inetpub\\wwwroot\\icbf\\artisan(37): Illuminate\\Foundation\\Console\\Kernel->handle()
#17 {main}
"} 
[2023-12-28 10:44:14] local.ERROR: file_put_contents(C:\inetpub\wwwroot\icbf\bootstrap\cache/config.php): failed to open stream: Permission denied {"exception":"[object] (ErrorException(code: 0): file_put_contents(C:\\inetpub\\wwwroot\\icbf\\bootstrap\\cache/config.php): failed to open stream: Permission denied at C:\\inetpub\\wwwroot\\icbf\\vendor\\laravel\\framework\\src\\Illuminate\\Filesystem\\Filesystem.php:187)
[stacktrace]
#0 [internal function]: Illuminate\\Foundation\\Bootstrap\\HandleExceptions->handleError()
#1 C:\\inetpub\\wwwroot\\icbf\\vendor\\laravel\\framework\\src\\Illuminate\\Filesystem\\Filesystem.php(187): file_put_contents()
#2 C:\\inetpub\\wwwroot\\icbf\\vendor\\laravel\\framework\\src\\Illuminate\\Foundation\\Console\\ConfigCacheCommand.php(63): Illuminate\\Filesystem\\Filesystem->put()
#3 C:\\inetpub\\wwwroot\\icbf\\vendor\\laravel\\framework\\src\\Illuminate\\Container\\BoundMethod.php(36): Illuminate\\Foundation\\Console\\ConfigCacheCommand->handle()
#4 C:\\inetpub\\wwwroot\\icbf\\vendor\\laravel\\framework\\src\\Illuminate\\Container\\Util.php(40): Illuminate\\Container\\BoundMethod::Illuminate\\Container\\{closure}()
#5 C:\\inetpub\\wwwroot\\icbf\\vendor\\laravel\\framework\\src\\Illuminate\\Container\\BoundMethod.php(93): Illuminate\\Container\\Util::unwrapIfClosure()
#6 C:\\inetpub\\wwwroot\\icbf\\vendor\\laravel\\framework\\src\\Illuminate\\Container\\BoundMethod.php(37): Illuminate\\Container\\BoundMethod::callBoundMethod()
#7 C:\\inetpub\\wwwroot\\icbf\\vendor\\laravel\\framework\\src\\Illuminate\\Container\\Container.php(653): Illuminate\\Container\\BoundMethod::call()
#8 C:\\inetpub\\wwwroot\\icbf\\vendor\\laravel\\framework\\src\\Illuminate\\Console\\Command.php(136): Illuminate\\Container\\Container->call()
#9 C:\\inetpub\\wwwroot\\icbf\\vendor\\symfony\\console\\Command\\Command.php(298): Illuminate\\Console\\Command->execute()
#10 C:\\inetpub\\wwwroot\\icbf\\vendor\\laravel\\framework\\src\\Illuminate\\Console\\Command.php(121): Symfony\\Component\\Console\\Command\\Command->run()
#11 C:\\inetpub\\wwwroot\\icbf\\vendor\\symfony\\console\\Application.php(1028): Illuminate\\Console\\Command->run()
#12 C:\\inetpub\\wwwroot\\icbf\\vendor\\symfony\\console\\Application.php(299): Symfony\\Component\\Console\\Application->doRunCommand()
#13 C:\\inetpub\\wwwroot\\icbf\\vendor\\symfony\\console\\Application.php(171): Symfony\\Component\\Console\\Application->doRun()
#14 C:\\inetpub\\wwwroot\\icbf\\vendor\\laravel\\framework\\src\\Illuminate\\Console\\Application.php(94): Symfony\\Component\\Console\\Application->run()
#15 C:\\inetpub\\wwwroot\\icbf\\vendor\\laravel\\framework\\src\\Illuminate\\Foundation\\Console\\Kernel.php(129): Illuminate\\Console\\Application->run()
#16 C:\\inetpub\\wwwroot\\icbf\\artisan(37): Illuminate\\Foundation\\Console\\Kernel->handle()
#17 {main}
"} 
[2023-12-28 20:08:41] local.ERROR: cURL error 28: Failed to connect to pruebas.icbf.gov.co port 443: Timed out (see https://curl.haxx.se/libcurl/c/libcurl-errors.html) for https://pruebas.icbf.gov.co/WebApiMTS/api/AutenticacionExterna/LoginUsuario/GUILLERMOA.BERNALP/Contrasenia/534855567457573970486C3775787337525266376C746D636D6752333545387A433254326C434B4D734E513D/CodAplicacion/20 {"exception":"[object] (GuzzleHttp\\Exception\\ConnectException(code: 0): cURL error 28: Failed to connect to pruebas.icbf.gov.co port 443: Timed out (see https://curl.haxx.se/libcurl/c/libcurl-errors.html) for https://pruebas.icbf.gov.co/WebApiMTS/api/AutenticacionExterna/LoginUsuario/GUILLERMOA.BERNALP/Contrasenia/534855567457573970486C3775787337525266376C746D636D6752333545387A433254326C434B4D734E513D/CodAplicacion/20 at C:\\inetpub\\wwwroot\\icbf\\vendor\\guzzlehttp\\guzzle\\src\\Handler\\CurlFactory.php:210)
[stacktrace]
#0 C:\\inetpub\\wwwroot\\icbf\\vendor\\guzzlehttp\\guzzle\\src\\Handler\\CurlFactory.php(158): GuzzleHttp\\Handler\\CurlFactory::createRejection()
#1 C:\\inetpub\\wwwroot\\icbf\\vendor\\guzzlehttp\\guzzle\\src\\Handler\\CurlFactory.php(110): GuzzleHttp\\Handler\\CurlFactory::finishError()
#2 C:\\inetpub\\wwwroot\\icbf\\vendor\\guzzlehttp\\guzzle\\src\\Handler\\CurlHandler.php(47): GuzzleHttp\\Handler\\CurlFactory::finish()
#3 C:\\inetpub\\wwwroot\\icbf\\vendor\\guzzlehttp\\guzzle\\src\\Handler\\Proxy.php(28): GuzzleHttp\\Handler\\CurlHandler->__invoke()
#4 C:\\inetpub\\wwwroot\\icbf\\vendor\\guzzlehttp\\guzzle\\src\\Handler\\Proxy.php(48): GuzzleHttp\\Handler\\Proxy::GuzzleHttp\\Handler\\{closure}()
#5 C:\\inetpub\\wwwroot\\icbf\\vendor\\guzzlehttp\\guzzle\\src\\PrepareBodyMiddleware.php(35): GuzzleHttp\\Handler\\Proxy::GuzzleHttp\\Handler\\{closure}()
#6 C:\\inetpub\\wwwroot\\icbf\\vendor\\guzzlehttp\\guzzle\\src\\Middleware.php(31): GuzzleHttp\\PrepareBodyMiddleware->__invoke()
#7 C:\\inetpub\\wwwroot\\icbf\\vendor\\guzzlehttp\\guzzle\\src\\RedirectMiddleware.php(71): GuzzleHttp\\Middleware::GuzzleHttp\\{closure}()
#8 C:\\inetpub\\wwwroot\\icbf\\vendor\\guzzlehttp\\guzzle\\src\\Middleware.php(63): GuzzleHttp\\RedirectMiddleware->__invoke()
#9 C:\\inetpub\\wwwroot\\icbf\\vendor\\guzzlehttp\\guzzle\\src\\HandlerStack.php(75): GuzzleHttp\\Middleware::GuzzleHttp\\{closure}()
#10 C:\\inetpub\\wwwroot\\icbf\\vendor\\guzzlehttp\\guzzle\\src\\Client.php(331): GuzzleHttp\\HandlerStack->__invoke()
#11 C:\\inetpub\\wwwroot\\icbf\\vendor\\guzzlehttp\\guzzle\\src\\Client.php(168): GuzzleHttp\\Client->transfer()
#12 C:\\inetpub\\wwwroot\\icbf\\vendor\\guzzlehttp\\guzzle\\src\\Client.php(187): GuzzleHttp\\Client->requestAsync()
#13 C:\\inetpub\\wwwroot\\icbf\\app\\Http\\Controllers\\Cpe\\MtsController.php(31): GuzzleHttp\\Client->request()
#14 C:\\inetpub\\wwwroot\\icbf\\vendor\\laravel\\framework\\src\\Illuminate\\Routing\\Controller.php(54): App\\Http\\Controllers\\Cpe\\MtsController->validateMts()
#15 C:\\inetpub\\wwwroot\\icbf\\vendor\\laravel\\framework\\src\\Illuminate\\Routing\\ControllerDispatcher.php(45): Illuminate\\Routing\\Controller->callAction()
#16 C:\\inetpub\\wwwroot\\icbf\\vendor\\laravel\\framework\\src\\Illuminate\\Routing\\Route.php(262): Illuminate\\Routing\\ControllerDispatcher->dispatch()
#17 C:\\inetpub\\wwwroot\\icbf\\vendor\\laravel\\framework\\src\\Illuminate\\Routing\\Route.php(205): Illuminate\\Routing\\Route->runController()
#18 C:\\inetpub\\wwwroot\\icbf\\vendor\\laravel\\framework\\src\\Illuminate\\Routing\\Router.php(721): Illuminate\\Routing\\Route->run()
#19 C:\\inetpub\\wwwroot\\icbf\\vendor\\laravel\\framework\\src\\Illuminate\\Pipeline\\Pipeline.php(128): Illuminate\\Routing\\Router->Illuminate\\Routing\\{closure}()
#20 C:\\inetpub\\wwwroot\\icbf\\app\\Http\\Middleware\\SetLocale.php(24): Illuminate\\Pipeline\\Pipeline->Illuminate\\Pipeline\\{closure}()
#21 C:\\inetpub\\wwwroot\\icbf\\vendor\\laravel\\framework\\src\\Illuminate\\Pipeline\\Pipeline.php(167): App\\Http\\Middleware\\SetLocale->handle()
#22 C:\\inetpub\\wwwroot\\icbf\\app\\Http\\Middleware\\AuthGates.php(29): Illuminate\\Pipeline\\Pipeline->Illuminate\\Pipeline\\{closure}()
#23 C:\\inetpub\\wwwroot\\icbf\\vendor\\laravel\\framework\\src\\Illuminate\\Pipeline\\Pipeline.php(167): App\\Http\\Middleware\\AuthGates->handle()
#24 C:\\inetpub\\wwwroot\\icbf\\vendor\\laravel\\framework\\src\\Illuminate\\Routing\\Middleware\\SubstituteBindings.php(50): Illuminate\\Pipeline\\Pipeline->Illuminate\\Pipeline\\{closure}()
#25 C:\\inetpub\\wwwroot\\icbf\\vendor\\laravel\\framework\\src\\Illuminate\\Pipeline\\Pipeline.php(167): Illuminate\\Routing\\Middleware\\SubstituteBindings->handle()
#26 C:\\inetpub\\wwwroot\\icbf\\vendor\\laravel\\framework\\src\\Illuminate\\Foundation\\Http\\Middleware\\VerifyCsrfToken.php(78): Illuminate\\Pipeline\\Pipeline->Illuminate\\Pipeline\\{closure}()
#27 C:\\inetpub\\wwwroot\\icbf\\vendor\\laravel\\framework\\src\\Illuminate\\Pipeline\\Pipeline.php(167): Illuminate\\Foundation\\Http\\Middleware\\VerifyCsrfToken->handle()
#28 C:\\inetpub\\wwwroot\\icbf\\vendor\\laravel\\framework\\src\\Illuminate\\View\\Middleware\\ShareErrorsFromSession.php(49): Illuminate\\Pipeline\\Pipeline->Illuminate\\Pipeline\\{closure}()
#29 C:\\inetpub\\wwwroot\\icbf\\vendor\\laravel\\framework\\src\\Illuminate\\Pipeline\\Pipeline.php(167): Illuminate\\View\\Middleware\\ShareErrorsFromSession->handle()
#30 C:\\inetpub\\wwwroot\\icbf\\vendor\\laravel\\framework\\src\\Illuminate\\Session\\Middleware\\StartSession.php(121): Illuminate\\Pipeline\\Pipeline->Illuminate\\Pipeline\\{closure}()
#31 C:\\inetpub\\wwwroot\\icbf\\vendor\\laravel\\framework\\src\\Illuminate\\Session\\Middleware\\StartSession.php(64): Illuminate\\Session\\Middleware\\StartSession->handleStatefulRequest()
#32 C:\\inetpub\\wwwroot\\icbf\\vendor\\laravel\\framework\\src\\Illuminate\\Pipeline\\Pipeline.php(167): Illuminate\\Session\\Middleware\\StartSession->handle()
#33 C:\\inetpub\\wwwroot\\icbf\\vendor\\laravel\\framework\\src\\Illuminate\\Cookie\\Middleware\\AddQueuedCookiesToResponse.php(37): Illuminate\\Pipeline\\Pipeline->Illuminate\\Pipeline\\{closure}()
#34 C:\\inetpub\\wwwroot\\icbf\\vendor\\laravel\\framework\\src\\Illuminate\\Pipeline\\Pipeline.php(167): Illuminate\\Cookie\\Middleware\\AddQueuedCookiesToResponse->handle()
#35 C:\\inetpub\\wwwroot\\icbf\\vendor\\laravel\\framework\\src\\Illuminate\\Cookie\\Middleware\\EncryptCookies.php(67): Illuminate\\Pipeline\\Pipeline->Illuminate\\Pipeline\\{closure}()
#36 C:\\inetpub\\wwwroot\\icbf\\vendor\\laravel\\framework\\src\\Illuminate\\Pipeline\\Pipeline.php(167): Illuminate\\Cookie\\Middleware\\EncryptCookies->handle()
#37 C:\\inetpub\\wwwroot\\icbf\\vendor\\laravel\\framework\\src\\Illuminate\\Pipeline\\Pipeline.php(103): Illuminate\\Pipeline\\Pipeline->Illuminate\\Pipeline\\{closure}()
#38 C:\\inetpub\\wwwroot\\icbf\\vendor\\laravel\\framework\\src\\Illuminate\\Routing\\Router.php(723): Illuminate\\Pipeline\\Pipeline->then()
#39 C:\\inetpub\\wwwroot\\icbf\\vendor\\laravel\\framework\\src\\Illuminate\\Routing\\Router.php(698): Illuminate\\Routing\\Router->runRouteWithinStack()
#40 C:\\inetpub\\wwwroot\\icbf\\vendor\\laravel\\framework\\src\\Illuminate\\Routing\\Router.php(662): Illuminate\\Routing\\Router->runRoute()
#41 C:\\inetpub\\wwwroot\\icbf\\vendor\\laravel\\framework\\src\\Illuminate\\Routing\\Router.php(651): Illuminate\\Routing\\Router->dispatchToRoute()
#42 C:\\inetpub\\wwwroot\\icbf\\vendor\\laravel\\framework\\src\\Illuminate\\Foundation\\Http\\Kernel.php(167): Illuminate\\Routing\\Router->dispatch()
#43 C:\\inetpub\\wwwroot\\icbf\\vendor\\laravel\\framework\\src\\Illuminate\\Pipeline\\Pipeline.php(128): Illuminate\\Foundation\\Http\\Kernel->Illuminate\\Foundation\\Http\\{closure}()
#44 C:\\inetpub\\wwwroot\\icbf\\vendor\\bepsvpt\\secure-headers\\src\\SecureHeadersMiddleware.php(21): Illuminate\\Pipeline\\Pipeline->Illuminate\\Pipeline\\{closure}()
#45 C:\\inetpub\\wwwroot\\icbf\\vendor\\laravel\\framework\\src\\Illuminate\\Pipeline\\Pipeline.php(167): Bepsvpt\\SecureHeaders\\SecureHeadersMiddleware->handle()
#46 C:\\inetpub\\wwwroot\\icbf\\vendor\\laravel\\framework\\src\\Illuminate\\Foundation\\Http\\Middleware\\TransformsRequest.php(21): Illuminate\\Pipeline\\Pipeline->Illuminate\\Pipeline\\{closure}()
#47 C:\\inetpub\\wwwroot\\icbf\\vendor\\laravel\\framework\\src\\Illuminate\\Foundation\\Http\\Middleware\\ConvertEmptyStringsToNull.php(31): Illuminate\\Foundation\\Http\\Middleware\\TransformsRequest->handle()
#48 C:\\inetpub\\wwwroot\\icbf\\vendor\\laravel\\framework\\src\\Illuminate\\Pipeline\\Pipeline.php(167): Illuminate\\Foundation\\Http\\Middleware\\ConvertEmptyStringsToNull->handle()
#49 C:\\inetpub\\wwwroot\\icbf\\vendor\\laravel\\framework\\src\\Illuminate\\Foundation\\Http\\Middleware\\TransformsRequest.php(21): Illuminate\\Pipeline\\Pipeline->Illuminate\\Pipeline\\{closure}()
#50 C:\\inetpub\\wwwroot\\icbf\\vendor\\laravel\\framework\\src\\Illuminate\\Foundation\\Http\\Middleware\\TrimStrings.php(40): Illuminate\\Foundation\\Http\\Middleware\\TransformsRequest->handle()
#51 C:\\inetpub\\wwwroot\\icbf\\vendor\\laravel\\framework\\src\\Illuminate\\Pipeline\\Pipeline.php(167): Illuminate\\Foundation\\Http\\Middleware\\TrimStrings->handle()
#52 C:\\inetpub\\wwwroot\\icbf\\vendor\\laravel\\framework\\src\\Illuminate\\Foundation\\Http\\Middleware\\ValidatePostSize.php(27): Illuminate\\Pipeline\\Pipeline->Illuminate\\Pipeline\\{closure}()
#53 C:\\inetpub\\wwwroot\\icbf\\vendor\\laravel\\framework\\src\\Illuminate\\Pipeline\\Pipeline.php(167): Illuminate\\Foundation\\Http\\Middleware\\ValidatePostSize->handle()
#54 C:\\inetpub\\wwwroot\\icbf\\vendor\\laravel\\framework\\src\\Illuminate\\Foundation\\Http\\Middleware\\PreventRequestsDuringMaintenance.php(86): Illuminate\\Pipeline\\Pipeline->Illuminate\\Pipeline\\{closure}()
#55 C:\\inetpub\\wwwroot\\icbf\\vendor\\laravel\\framework\\src\\Illuminate\\Pipeline\\Pipeline.php(167): Illuminate\\Foundation\\Http\\Middleware\\PreventRequestsDuringMaintenance->handle()
#56 C:\\inetpub\\wwwroot\\icbf\\vendor\\fruitcake\\laravel-cors\\src\\HandleCors.php(38): Illuminate\\Pipeline\\Pipeline->Illuminate\\Pipeline\\{closure}()
#57 C:\\inetpub\\wwwroot\\icbf\\vendor\\laravel\\framework\\src\\Illuminate\\Pipeline\\Pipeline.php(167): Fruitcake\\Cors\\HandleCors->handle()
#58 C:\\inetpub\\wwwroot\\icbf\\vendor\\fideloper\\proxy\\src\\TrustProxies.php(57): Illuminate\\Pipeline\\Pipeline->Illuminate\\Pipeline\\{closure}()
#59 C:\\inetpub\\wwwroot\\icbf\\vendor\\laravel\\framework\\src\\Illuminate\\Pipeline\\Pipeline.php(167): Fideloper\\Proxy\\TrustProxies->handle()
#60 C:\\inetpub\\wwwroot\\icbf\\vendor\\laravel\\framework\\src\\Illuminate\\Pipeline\\Pipeline.php(103): Illuminate\\Pipeline\\Pipeline->Illuminate\\Pipeline\\{closure}()
#61 C:\\inetpub\\wwwroot\\icbf\\vendor\\laravel\\framework\\src\\Illuminate\\Foundation\\Http\\Kernel.php(142): Illuminate\\Pipeline\\Pipeline->then()
#62 C:\\inetpub\\wwwroot\\icbf\\vendor\\laravel\\framework\\src\\Illuminate\\Foundation\\Http\\Kernel.php(111): Illuminate\\Foundation\\Http\\Kernel->sendRequestThroughRouter()
#63 C:\\inetpub\\wwwroot\\icbf\\public\\index.php(52): Illuminate\\Foundation\\Http\\Kernel->handle()
#64 {main}
"} 
